27-Apr-2020 13:53:10.173 信息 [main] org.apache.catalina.startup.VersionLoggerListener.log Server.服务器版本:     Apache Tomcat/8.5.54
27-Apr-2020 13:53:10.181 信息 [main] org.apache.catalina.startup.VersionLoggerListener.log 服务器构建:            Apr 3 2020 14:06:10 UTC
27-Apr-2020 13:53:10.181 信息 [main] org.apache.catalina.startup.VersionLoggerListener.log 服务器版本号(：8.5.54.0
27-Apr-2020 13:53:10.183 信息 [main] org.apache.catalina.startup.VersionLoggerListener.log OS Name:               Windows 10
27-Apr-2020 13:53:10.183 信息 [main] org.apache.catalina.startup.VersionLoggerListener.log OS.版本:               10.0
27-Apr-2020 13:53:10.183 信息 [main] org.apache.catalina.startup.VersionLoggerListener.log 架构:                  amd64
27-Apr-2020 13:53:10.184 信息 [main] org.apache.catalina.startup.VersionLoggerListener.log Java 环境变量:         D:\java\jdk1.8.0_241\jre
27-Apr-2020 13:53:10.184 信息 [main] org.apache.catalina.startup.VersionLoggerListener.log JVM 版本:              1.8.0_241-b07
27-Apr-2020 13:53:10.185 信息 [main] org.apache.catalina.startup.VersionLoggerListener.log JVM.供应商:            Oracle Corporation
27-Apr-2020 13:53:10.185 信息 [main] org.apache.catalina.startup.VersionLoggerListener.log CATALINA_BASE：[F:\javaweb\webserver\apache-tomcat-8.5.54]
27-Apr-2020 13:53:10.185 信息 [main] org.apache.catalina.startup.VersionLoggerListener.log CATALINA_HOME:         F:\javaweb\webserver\apache-tomcat-8.5.54
27-Apr-2020 13:53:10.186 信息 [main] org.apache.catalina.startup.VersionLoggerListener.log 命令行参数：[-Djava.util.logging.config.file=F:\javaweb\webserver\apache-tomcat-8.5.54\conf\logging.properties]
27-Apr-2020 13:53:10.186 信息 [main] org.apache.catalina.startup.VersionLoggerListener.log 命令行参数：[-Djava.util.logging.manager=org.apache.juli.ClassLoaderLogManager]
27-Apr-2020 13:53:10.187 信息 [main] org.apache.catalina.startup.VersionLoggerListener.log 命令行参数：[-Djdk.tls.ephemeralDHKeySize=2048]
27-Apr-2020 13:53:10.187 信息 [main] org.apache.catalina.startup.VersionLoggerListener.log 命令行参数：[-Djava.protocol.handler.pkgs=org.apache.catalina.webresources]
27-Apr-2020 13:53:10.188 信息 [main] org.apache.catalina.startup.VersionLoggerListener.log 命令行参数：[-Dignore.endorsed.dirs=]
27-Apr-2020 13:53:10.207 信息 [main] org.apache.catalina.startup.VersionLoggerListener.log 命令行参数：[-Dcatalina.base=F:\javaweb\webserver\apache-tomcat-8.5.54]
27-Apr-2020 13:53:10.209 信息 [main] org.apache.catalina.startup.VersionLoggerListener.log 命令行参数：[-Dcatalina.home=F:\javaweb\webserver\apache-tomcat-8.5.54]
27-Apr-2020 13:53:10.210 信息 [main] org.apache.catalina.startup.VersionLoggerListener.log 命令行参数：[-Djava.io.tmpdir=F:\javaweb\webserver\apache-tomcat-8.5.54\temp]
27-Apr-2020 13:53:10.210 信息 [main] org.apache.catalina.core.AprLifecycleListener.lifecycleEvent Loaded APR based Apache Tomcat Native library [1.2.23] using APR version [1.7.0].
27-Apr-2020 13:53:10.211 信息 [main] org.apache.catalina.core.AprLifecycleListener.lifecycleEvent APR capabilities: IPv6 [true], sendfile [true], accept filters [false], random [true].
27-Apr-2020 13:53:10.212 信息 [main] org.apache.catalina.core.AprLifecycleListener.lifecycleEvent APR/OpenSSL配置：useAprConnector[false]，useOpenSSL[true]
27-Apr-2020 13:53:10.219 信息 [main] org.apache.catalina.core.AprLifecycleListener.initializeSSL OpenSSL successfully initialized [OpenSSL 1.1.1c  28 May 2019]
27-Apr-2020 13:53:10.346 信息 [main] org.apache.coyote.AbstractProtocol.init 初始化协议处理器 ["http-nio-8080"]
27-Apr-2020 13:53:10.359 严重 [main] org.apache.catalina.core.StandardService.initInternal Failed to initialize connector [Connector[HTTP/1.1-8080]]
	org.apache.catalina.LifecycleException: Protocol handler initialization failed
		at org.apache.catalina.connector.Connector.initInternal(Connector.java:1060)
		at org.apache.catalina.util.LifecycleBase.init(LifecycleBase.java:136)
		at org.apache.catalina.core.StandardService.initInternal(StandardService.java:552)
		at org.apache.catalina.util.LifecycleBase.init(LifecycleBase.java:136)
		at org.apache.catalina.core.StandardServer.initInternal(StandardServer.java:848)
		at org.apache.catalina.util.LifecycleBase.init(LifecycleBase.java:136)
		at org.apache.catalina.startup.Catalina.load(Catalina.java:639)
		at org.apache.catalina.startup.Catalina.load(Catalina.java:662)
		at sun.reflect.NativeMethodAccessorImpl.invoke0(Native Method)
		at sun.reflect.NativeMethodAccessorImpl.invoke(NativeMethodAccessorImpl.java:62)
		at sun.reflect.DelegatingMethodAccessorImpl.invoke(DelegatingMethodAccessorImpl.java:43)
		at java.lang.reflect.Method.invoke(Method.java:498)
		at org.apache.catalina.startup.Bootstrap.load(Bootstrap.java:303)
		at org.apache.catalina.startup.Bootstrap.main(Bootstrap.java:473)
	Caused by: java.net.BindException: Address already in use: bind
		at sun.nio.ch.Net.bind0(Native Method)
		at sun.nio.ch.Net.bind(Net.java:433)
		at sun.nio.ch.Net.bind(Net.java:425)
		at sun.nio.ch.ServerSocketChannelImpl.bind(ServerSocketChannelImpl.java:223)
		at sun.nio.ch.ServerSocketAdaptor.bind(ServerSocketAdaptor.java:74)
		at org.apache.tomcat.util.net.NioEndpoint.bind(NioEndpoint.java:221)
		at org.apache.tomcat.util.net.AbstractEndpoint.init(AbstractEndpoint.java:1118)
		at org.apache.tomcat.util.net.AbstractJsseEndpoint.init(AbstractJsseEndpoint.java:223)
		at org.apache.coyote.AbstractProtocol.init(AbstractProtocol.java:587)
		at org.apache.coyote.http11.AbstractHttp11Protocol.init(AbstractHttp11Protocol.java:74)
		at org.apache.catalina.connector.Connector.initInternal(Connector.java:1058)
		... 13 more
27-Apr-2020 13:53:10.363 信息 [main] org.apache.catalina.startup.Catalina.load Initialization processed in 598 ms
27-Apr-2020 13:53:10.396 信息 [main] org.apache.catalina.core.StandardService.startInternal Starting service [Catalina]
27-Apr-2020 13:53:10.397 信息 [main] org.apache.catalina.core.StandardEngine.startInternal Starting Servlet Engine: Apache Tomcat/8.5.54
27-Apr-2020 13:53:10.413 信息 [localhost-startStop-1] org.apache.catalina.startup.HostConfig.deployDirectory 把web 应用程序部署到目录 [F:\javaweb\webserver\apache-tomcat-8.5.54\webapps\docs]
27-Apr-2020 13:53:11.012 警告 [localhost-startStop-1] org.apache.catalina.util.SessionIdGeneratorBase.createSecureRandom Creation of SecureRandom instance for session ID generation using [SHA1PRNG] took [348] milliseconds.
27-Apr-2020 13:53:11.044 信息 [localhost-startStop-1] org.apache.catalina.startup.HostConfig.deployDirectory Deployment of web application directory [F:\javaweb\webserver\apache-tomcat-8.5.54\webapps\docs] has finished in [631] ms
27-Apr-2020 13:53:11.046 信息 [localhost-startStop-1] org.apache.catalina.startup.HostConfig.deployDirectory 把web 应用程序部署到目录 [F:\javaweb\webserver\apache-tomcat-8.5.54\webapps\examples]
27-Apr-2020 13:53:11.570 信息 [localhost-startStop-1] org.apache.catalina.startup.HostConfig.deployDirectory Deployment of web application directory [F:\javaweb\webserver\apache-tomcat-8.5.54\webapps\examples] has finished in [524] ms
27-Apr-2020 13:53:11.571 信息 [localhost-startStop-1] org.apache.catalina.startup.HostConfig.deployDirectory 把web 应用程序部署到目录 [F:\javaweb\webserver\apache-tomcat-8.5.54\webapps\host-manager]
27-Apr-2020 13:53:11.620 信息 [localhost-startStop-1] org.apache.catalina.startup.HostConfig.deployDirectory Deployment of web application directory [F:\javaweb\webserver\apache-tomcat-8.5.54\webapps\host-manager] has finished in [49] ms
27-Apr-2020 13:53:11.621 信息 [localhost-startStop-1] org.apache.catalina.startup.HostConfig.deployDirectory 把web 应用程序部署到目录 [F:\javaweb\webserver\apache-tomcat-8.5.54\webapps\manager]
27-Apr-2020 13:53:11.650 信息 [localhost-startStop-1] org.apache.catalina.startup.HostConfig.deployDirectory Deployment of web application directory [F:\javaweb\webserver\apache-tomcat-8.5.54\webapps\manager] has finished in [29] ms
27-Apr-2020 13:53:11.651 信息 [localhost-startStop-1] org.apache.catalina.startup.HostConfig.deployDirectory 把web 应用程序部署到目录 [F:\javaweb\webserver\apache-tomcat-8.5.54\webapps\ROOT]
27-Apr-2020 13:53:11.683 信息 [localhost-startStop-1] org.apache.catalina.startup.HostConfig.deployDirectory Deployment of web application directory [F:\javaweb\webserver\apache-tomcat-8.5.54\webapps\ROOT] has finished in [32] ms
27-Apr-2020 13:53:11.687 信息 [main] org.apache.catalina.startup.Catalina.start Server startup in 1322 ms
27-Apr-2020 13:53:11.697 严重 [main] org.apache.catalina.core.StandardServer.await StandardServer.await: create[localhost:8005]: 
	java.net.BindException: Address already in use: JVM_Bind
		at java.net.DualStackPlainSocketImpl.bind0(Native Method)
		at java.net.DualStackPlainSocketImpl.socketBind(DualStackPlainSocketImpl.java:106)
		at java.net.AbstractPlainSocketImpl.bind(AbstractPlainSocketImpl.java:387)
		at java.net.PlainSocketImpl.bind(PlainSocketImpl.java:190)
		at java.net.ServerSocket.bind(ServerSocket.java:375)
		at java.net.ServerSocket.<init>(ServerSocket.java:237)
		at org.apache.catalina.core.StandardServer.await(StandardServer.java:421)
		at org.apache.catalina.startup.Catalina.await(Catalina.java:776)
		at org.apache.catalina.startup.Catalina.start(Catalina.java:722)
		at sun.reflect.NativeMethodAccessorImpl.invoke0(Native Method)
		at sun.reflect.NativeMethodAccessorImpl.invoke(NativeMethodAccessorImpl.java:62)
		at sun.reflect.DelegatingMethodAccessorImpl.invoke(DelegatingMethodAccessorImpl.java:43)
		at java.lang.reflect.Method.invoke(Method.java:498)
		at org.apache.catalina.startup.Bootstrap.start(Bootstrap.java:343)
		at org.apache.catalina.startup.Bootstrap.main(Bootstrap.java:474)
27-Apr-2020 13:53:11.700 信息 [main] org.apache.coyote.AbstractProtocol.pause Pausing ProtocolHandler ["http-nio-8080"]
27-Apr-2020 13:53:11.703 信息 [main] org.apache.catalina.core.StandardService.stopInternal 正在停止服务[Catalina]
27-Apr-2020 13:53:11.722 信息 [main] org.apache.coyote.AbstractProtocol.stop 正在停止ProtocolHandler ["http-nio-8080"]
27-Apr-2020 13:53:11.723 信息 [main] org.apache.coyote.AbstractProtocol.destroy 正在摧毁协议处理器 ["http-nio-8080"]
27-Apr-2020 13:53:41.253 信息 [main] org.apache.catalina.startup.VersionLoggerListener.log Server.服务器版本:     Apache Tomcat/8.5.54
27-Apr-2020 13:53:41.259 信息 [main] org.apache.catalina.startup.VersionLoggerListener.log 服务器构建:            Apr 3 2020 14:06:10 UTC
27-Apr-2020 13:53:41.260 信息 [main] org.apache.catalina.startup.VersionLoggerListener.log 服务器版本号(：8.5.54.0
27-Apr-2020 13:53:41.260 信息 [main] org.apache.catalina.startup.VersionLoggerListener.log OS Name:               Windows 10
27-Apr-2020 13:53:41.260 信息 [main] org.apache.catalina.startup.VersionLoggerListener.log OS.版本:               10.0
27-Apr-2020 13:53:41.261 信息 [main] org.apache.catalina.startup.VersionLoggerListener.log 架构:                  amd64
27-Apr-2020 13:53:41.261 信息 [main] org.apache.catalina.startup.VersionLoggerListener.log Java 环境变量:         D:\java\jdk1.8.0_241\jre
27-Apr-2020 13:53:41.261 信息 [main] org.apache.catalina.startup.VersionLoggerListener.log JVM 版本:              1.8.0_241-b07
27-Apr-2020 13:53:41.262 信息 [main] org.apache.catalina.startup.VersionLoggerListener.log JVM.供应商:            Oracle Corporation
27-Apr-2020 13:53:41.262 信息 [main] org.apache.catalina.startup.VersionLoggerListener.log CATALINA_BASE：[F:\javaweb\webserver\apache-tomcat-8.5.54]
27-Apr-2020 13:53:41.262 信息 [main] org.apache.catalina.startup.VersionLoggerListener.log CATALINA_HOME:         F:\javaweb\webserver\apache-tomcat-8.5.54
27-Apr-2020 13:53:41.263 信息 [main] org.apache.catalina.startup.VersionLoggerListener.log 命令行参数：[-Djava.util.logging.config.file=F:\javaweb\webserver\apache-tomcat-8.5.54\conf\logging.properties]
27-Apr-2020 13:53:41.263 信息 [main] org.apache.catalina.startup.VersionLoggerListener.log 命令行参数：[-Djava.util.logging.manager=org.apache.juli.ClassLoaderLogManager]
27-Apr-2020 13:53:41.264 信息 [main] org.apache.catalina.startup.VersionLoggerListener.log 命令行参数：[-Djdk.tls.ephemeralDHKeySize=2048]
27-Apr-2020 13:53:41.265 信息 [main] org.apache.catalina.startup.VersionLoggerListener.log 命令行参数：[-Djava.protocol.handler.pkgs=org.apache.catalina.webresources]
27-Apr-2020 13:53:41.265 信息 [main] org.apache.catalina.startup.VersionLoggerListener.log 命令行参数：[-Dignore.endorsed.dirs=]
27-Apr-2020 13:53:41.267 信息 [main] org.apache.catalina.startup.VersionLoggerListener.log 命令行参数：[-Dcatalina.base=F:\javaweb\webserver\apache-tomcat-8.5.54]
27-Apr-2020 13:53:41.278 信息 [main] org.apache.catalina.startup.VersionLoggerListener.log 命令行参数：[-Dcatalina.home=F:\javaweb\webserver\apache-tomcat-8.5.54]
27-Apr-2020 13:53:41.279 信息 [main] org.apache.catalina.startup.VersionLoggerListener.log 命令行参数：[-Djava.io.tmpdir=F:\javaweb\webserver\apache-tomcat-8.5.54\temp]
27-Apr-2020 13:53:41.279 信息 [main] org.apache.catalina.core.AprLifecycleListener.lifecycleEvent Loaded APR based Apache Tomcat Native library [1.2.23] using APR version [1.7.0].
27-Apr-2020 13:53:41.280 信息 [main] org.apache.catalina.core.AprLifecycleListener.lifecycleEvent APR capabilities: IPv6 [true], sendfile [true], accept filters [false], random [true].
27-Apr-2020 13:53:41.281 信息 [main] org.apache.catalina.core.AprLifecycleListener.lifecycleEvent APR/OpenSSL配置：useAprConnector[false]，useOpenSSL[true]
27-Apr-2020 13:53:41.287 信息 [main] org.apache.catalina.core.AprLifecycleListener.initializeSSL OpenSSL successfully initialized [OpenSSL 1.1.1c  28 May 2019]
27-Apr-2020 13:53:41.430 信息 [main] org.apache.coyote.AbstractProtocol.init 初始化协议处理器 ["http-nio-8080"]
27-Apr-2020 13:53:41.444 严重 [main] org.apache.catalina.core.StandardService.initInternal Failed to initialize connector [Connector[HTTP/1.1-8080]]
	org.apache.catalina.LifecycleException: Protocol handler initialization failed
		at org.apache.catalina.connector.Connector.initInternal(Connector.java:1060)
		at org.apache.catalina.util.LifecycleBase.init(LifecycleBase.java:136)
		at org.apache.catalina.core.StandardService.initInternal(StandardService.java:552)
		at org.apache.catalina.util.LifecycleBase.init(LifecycleBase.java:136)
		at org.apache.catalina.core.StandardServer.initInternal(StandardServer.java:848)
		at org.apache.catalina.util.LifecycleBase.init(LifecycleBase.java:136)
		at org.apache.catalina.startup.Catalina.load(Catalina.java:639)
		at org.apache.catalina.startup.Catalina.load(Catalina.java:662)
		at sun.reflect.NativeMethodAccessorImpl.invoke0(Native Method)
		at sun.reflect.NativeMethodAccessorImpl.invoke(NativeMethodAccessorImpl.java:62)
		at sun.reflect.DelegatingMethodAccessorImpl.invoke(DelegatingMethodAccessorImpl.java:43)
		at java.lang.reflect.Method.invoke(Method.java:498)
		at org.apache.catalina.startup.Bootstrap.load(Bootstrap.java:303)
		at org.apache.catalina.startup.Bootstrap.main(Bootstrap.java:473)
	Caused by: java.net.BindException: Address already in use: bind
		at sun.nio.ch.Net.bind0(Native Method)
		at sun.nio.ch.Net.bind(Net.java:433)
		at sun.nio.ch.Net.bind(Net.java:425)
		at sun.nio.ch.ServerSocketChannelImpl.bind(ServerSocketChannelImpl.java:223)
		at sun.nio.ch.ServerSocketAdaptor.bind(ServerSocketAdaptor.java:74)
		at org.apache.tomcat.util.net.NioEndpoint.bind(NioEndpoint.java:221)
		at org.apache.tomcat.util.net.AbstractEndpoint.init(AbstractEndpoint.java:1118)
		at org.apache.tomcat.util.net.AbstractJsseEndpoint.init(AbstractJsseEndpoint.java:223)
		at org.apache.coyote.AbstractProtocol.init(AbstractProtocol.java:587)
		at org.apache.coyote.http11.AbstractHttp11Protocol.init(AbstractHttp11Protocol.java:74)
		at org.apache.catalina.connector.Connector.initInternal(Connector.java:1058)
		... 13 more
27-Apr-2020 13:53:41.447 信息 [main] org.apache.catalina.startup.Catalina.load Initialization processed in 596 ms
27-Apr-2020 13:53:41.477 信息 [main] org.apache.catalina.core.StandardService.startInternal Starting service [Catalina]
27-Apr-2020 13:53:41.478 信息 [main] org.apache.catalina.core.StandardEngine.startInternal Starting Servlet Engine: Apache Tomcat/8.5.54
27-Apr-2020 13:53:41.489 信息 [localhost-startStop-1] org.apache.catalina.startup.HostConfig.deployDirectory 把web 应用程序部署到目录 [F:\javaweb\webserver\apache-tomcat-8.5.54\webapps\docs]
27-Apr-2020 13:53:42.043 警告 [localhost-startStop-1] org.apache.catalina.util.SessionIdGeneratorBase.createSecureRandom Creation of SecureRandom instance for session ID generation using [SHA1PRNG] took [332] milliseconds.
27-Apr-2020 13:53:42.066 信息 [localhost-startStop-1] org.apache.catalina.startup.HostConfig.deployDirectory Deployment of web application directory [F:\javaweb\webserver\apache-tomcat-8.5.54\webapps\docs] has finished in [577] ms
27-Apr-2020 13:53:42.067 信息 [localhost-startStop-1] org.apache.catalina.startup.HostConfig.deployDirectory 把web 应用程序部署到目录 [F:\javaweb\webserver\apache-tomcat-8.5.54\webapps\examples]
27-Apr-2020 13:53:42.365 信息 [localhost-startStop-1] org.apache.catalina.startup.HostConfig.deployDirectory Deployment of web application directory [F:\javaweb\webserver\apache-tomcat-8.5.54\webapps\examples] has finished in [298] ms
27-Apr-2020 13:53:42.367 信息 [localhost-startStop-1] org.apache.catalina.startup.HostConfig.deployDirectory 把web 应用程序部署到目录 [F:\javaweb\webserver\apache-tomcat-8.5.54\webapps\host-manager]
27-Apr-2020 13:53:42.400 信息 [localhost-startStop-1] org.apache.catalina.startup.HostConfig.deployDirectory Deployment of web application directory [F:\javaweb\webserver\apache-tomcat-8.5.54\webapps\host-manager] has finished in [32] ms
27-Apr-2020 13:53:42.400 信息 [localhost-startStop-1] org.apache.catalina.startup.HostConfig.deployDirectory 把web 应用程序部署到目录 [F:\javaweb\webserver\apache-tomcat-8.5.54\webapps\manager]
27-Apr-2020 13:53:42.429 信息 [localhost-startStop-1] org.apache.catalina.startup.HostConfig.deployDirectory Deployment of web application directory [F:\javaweb\webserver\apache-tomcat-8.5.54\webapps\manager] has finished in [28] ms
27-Apr-2020 13:53:42.429 信息 [localhost-startStop-1] org.apache.catalina.startup.HostConfig.deployDirectory 把web 应用程序部署到目录 [F:\javaweb\webserver\apache-tomcat-8.5.54\webapps\ROOT]
27-Apr-2020 13:53:42.452 信息 [localhost-startStop-1] org.apache.catalina.startup.HostConfig.deployDirectory Deployment of web application directory [F:\javaweb\webserver\apache-tomcat-8.5.54\webapps\ROOT] has finished in [23] ms
27-Apr-2020 13:53:42.455 信息 [main] org.apache.catalina.startup.Catalina.start Server startup in 1006 ms
27-Apr-2020 13:53:42.465 严重 [main] org.apache.catalina.core.StandardServer.await StandardServer.await: create[localhost:8005]: 
	java.net.BindException: Address already in use: JVM_Bind
		at java.net.DualStackPlainSocketImpl.bind0(Native Method)
		at java.net.DualStackPlainSocketImpl.socketBind(DualStackPlainSocketImpl.java:106)
		at java.net.AbstractPlainSocketImpl.bind(AbstractPlainSocketImpl.java:387)
		at java.net.PlainSocketImpl.bind(PlainSocketImpl.java:190)
		at java.net.ServerSocket.bind(ServerSocket.java:375)
		at java.net.ServerSocket.<init>(ServerSocket.java:237)
		at org.apache.catalina.core.StandardServer.await(StandardServer.java:421)
		at org.apache.catalina.startup.Catalina.await(Catalina.java:776)
		at org.apache.catalina.startup.Catalina.start(Catalina.java:722)
		at sun.reflect.NativeMethodAccessorImpl.invoke0(Native Method)
		at sun.reflect.NativeMethodAccessorImpl.invoke(NativeMethodAccessorImpl.java:62)
		at sun.reflect.DelegatingMethodAccessorImpl.invoke(DelegatingMethodAccessorImpl.java:43)
		at java.lang.reflect.Method.invoke(Method.java:498)
		at org.apache.catalina.startup.Bootstrap.start(Bootstrap.java:343)
		at org.apache.catalina.startup.Bootstrap.main(Bootstrap.java:474)
27-Apr-2020 13:53:42.468 信息 [main] org.apache.coyote.AbstractProtocol.pause Pausing ProtocolHandler ["http-nio-8080"]
27-Apr-2020 13:53:42.468 信息 [main] org.apache.catalina.core.StandardService.stopInternal 正在停止服务[Catalina]
27-Apr-2020 13:53:42.494 信息 [main] org.apache.coyote.AbstractProtocol.stop 正在停止ProtocolHandler ["http-nio-8080"]
27-Apr-2020 13:53:42.495 信息 [main] org.apache.coyote.AbstractProtocol.destroy 正在摧毁协议处理器 ["http-nio-8080"]
27-Apr-2020 13:54:57.553 信息 [main] org.apache.catalina.startup.VersionLoggerListener.log Server.服务器版本:     Apache Tomcat/8.5.54
27-Apr-2020 13:54:57.558 信息 [main] org.apache.catalina.startup.VersionLoggerListener.log 服务器构建:            Apr 3 2020 14:06:10 UTC
27-Apr-2020 13:54:57.559 信息 [main] org.apache.catalina.startup.VersionLoggerListener.log 服务器版本号(：8.5.54.0
27-Apr-2020 13:54:57.559 信息 [main] org.apache.catalina.startup.VersionLoggerListener.log OS Name:               Windows 10
27-Apr-2020 13:54:57.559 信息 [main] org.apache.catalina.startup.VersionLoggerListener.log OS.版本:               10.0
27-Apr-2020 13:54:57.560 信息 [main] org.apache.catalina.startup.VersionLoggerListener.log 架构:                  amd64
27-Apr-2020 13:54:57.560 信息 [main] org.apache.catalina.startup.VersionLoggerListener.log Java 环境变量:         D:\java\jdk1.8.0_241\jre
27-Apr-2020 13:54:57.561 信息 [main] org.apache.catalina.startup.VersionLoggerListener.log JVM 版本:              1.8.0_241-b07
27-Apr-2020 13:54:57.561 信息 [main] org.apache.catalina.startup.VersionLoggerListener.log JVM.供应商:            Oracle Corporation
27-Apr-2020 13:54:57.561 信息 [main] org.apache.catalina.startup.VersionLoggerListener.log CATALINA_BASE：[F:\javaweb\webserver\apache-tomcat-8.5.54]
27-Apr-2020 13:54:57.562 信息 [main] org.apache.catalina.startup.VersionLoggerListener.log CATALINA_HOME:         F:\javaweb\webserver\apache-tomcat-8.5.54
27-Apr-2020 13:54:57.562 信息 [main] org.apache.catalina.startup.VersionLoggerListener.log 命令行参数：[-Djava.util.logging.config.file=F:\javaweb\webserver\apache-tomcat-8.5.54\conf\logging.properties]
27-Apr-2020 13:54:57.563 信息 [main] org.apache.catalina.startup.VersionLoggerListener.log 命令行参数：[-Djava.util.logging.manager=org.apache.juli.ClassLoaderLogManager]
27-Apr-2020 13:54:57.563 信息 [main] org.apache.catalina.startup.VersionLoggerListener.log 命令行参数：[-Djdk.tls.ephemeralDHKeySize=2048]
27-Apr-2020 13:54:57.564 信息 [main] org.apache.catalina.startup.VersionLoggerListener.log 命令行参数：[-Djava.protocol.handler.pkgs=org.apache.catalina.webresources]
27-Apr-2020 13:54:57.565 信息 [main] org.apache.catalina.startup.VersionLoggerListener.log 命令行参数：[-Dignore.endorsed.dirs=]
27-Apr-2020 13:54:57.567 信息 [main] org.apache.catalina.startup.VersionLoggerListener.log 命令行参数：[-Dcatalina.base=F:\javaweb\webserver\apache-tomcat-8.5.54]
27-Apr-2020 13:54:57.575 信息 [main] org.apache.catalina.startup.VersionLoggerListener.log 命令行参数：[-Dcatalina.home=F:\javaweb\webserver\apache-tomcat-8.5.54]
27-Apr-2020 13:54:57.578 信息 [main] org.apache.catalina.startup.VersionLoggerListener.log 命令行参数：[-Djava.io.tmpdir=F:\javaweb\webserver\apache-tomcat-8.5.54\temp]
27-Apr-2020 13:54:57.578 信息 [main] org.apache.catalina.core.AprLifecycleListener.lifecycleEvent Loaded APR based Apache Tomcat Native library [1.2.23] using APR version [1.7.0].
27-Apr-2020 13:54:57.579 信息 [main] org.apache.catalina.core.AprLifecycleListener.lifecycleEvent APR capabilities: IPv6 [true], sendfile [true], accept filters [false], random [true].
27-Apr-2020 13:54:57.580 信息 [main] org.apache.catalina.core.AprLifecycleListener.lifecycleEvent APR/OpenSSL配置：useAprConnector[false]，useOpenSSL[true]
27-Apr-2020 13:54:57.587 信息 [main] org.apache.catalina.core.AprLifecycleListener.initializeSSL OpenSSL successfully initialized [OpenSSL 1.1.1c  28 May 2019]
27-Apr-2020 13:54:57.730 信息 [main] org.apache.coyote.AbstractProtocol.init 初始化协议处理器 ["http-nio-8080"]
27-Apr-2020 13:54:58.127 信息 [main] org.apache.tomcat.util.net.NioSelectorPool.getSharedSelector Using a shared selector for servlet write/read
27-Apr-2020 13:54:58.140 信息 [main] org.apache.catalina.startup.Catalina.load Initialization processed in 974 ms
27-Apr-2020 13:54:58.172 信息 [main] org.apache.catalina.core.StandardService.startInternal Starting service [Catalina]
27-Apr-2020 13:54:58.172 信息 [main] org.apache.catalina.core.StandardEngine.startInternal Starting Servlet Engine: Apache Tomcat/8.5.54
27-Apr-2020 13:54:58.193 信息 [localhost-startStop-1] org.apache.catalina.startup.HostConfig.deployDirectory 把web 应用程序部署到目录 [F:\javaweb\webserver\apache-tomcat-8.5.54\webapps\docs]
27-Apr-2020 13:54:58.427 信息 [localhost-startStop-1] org.apache.catalina.startup.HostConfig.deployDirectory Deployment of web application directory [F:\javaweb\webserver\apache-tomcat-8.5.54\webapps\docs] has finished in [231] ms
27-Apr-2020 13:54:58.429 信息 [localhost-startStop-1] org.apache.catalina.startup.HostConfig.deployDirectory 把web 应用程序部署到目录 [F:\javaweb\webserver\apache-tomcat-8.5.54\webapps\examples]
27-Apr-2020 13:54:58.723 信息 [localhost-startStop-1] org.apache.catalina.startup.HostConfig.deployDirectory Deployment of web application directory [F:\javaweb\webserver\apache-tomcat-8.5.54\webapps\examples] has finished in [294] ms
27-Apr-2020 13:54:58.723 信息 [localhost-startStop-1] org.apache.catalina.startup.HostConfig.deployDirectory 把web 应用程序部署到目录 [F:\javaweb\webserver\apache-tomcat-8.5.54\webapps\host-manager]
27-Apr-2020 13:54:58.758 信息 [localhost-startStop-1] org.apache.catalina.startup.HostConfig.deployDirectory Deployment of web application directory [F:\javaweb\webserver\apache-tomcat-8.5.54\webapps\host-manager] has finished in [34] ms
27-Apr-2020 13:54:58.758 信息 [localhost-startStop-1] org.apache.catalina.startup.HostConfig.deployDirectory 把web 应用程序部署到目录 [F:\javaweb\webserver\apache-tomcat-8.5.54\webapps\manager]
27-Apr-2020 13:54:58.785 信息 [localhost-startStop-1] org.apache.catalina.startup.HostConfig.deployDirectory Deployment of web application directory [F:\javaweb\webserver\apache-tomcat-8.5.54\webapps\manager] has finished in [27] ms
27-Apr-2020 13:54:58.787 信息 [localhost-startStop-1] org.apache.catalina.startup.HostConfig.deployDirectory 把web 应用程序部署到目录 [F:\javaweb\webserver\apache-tomcat-8.5.54\webapps\ROOT]
27-Apr-2020 13:54:58.810 信息 [localhost-startStop-1] org.apache.catalina.startup.HostConfig.deployDirectory Deployment of web application directory [F:\javaweb\webserver\apache-tomcat-8.5.54\webapps\ROOT] has finished in [23] ms
27-Apr-2020 13:54:58.813 信息 [main] org.apache.coyote.AbstractProtocol.start 开始协议处理句柄["http-nio-8080"]
27-Apr-2020 13:54:58.826 信息 [main] org.apache.catalina.startup.Catalina.start Server startup in 686 ms
27-Apr-2020 14:07:51.630 信息 [main] org.apache.catalina.startup.VersionLoggerListener.log Server.服务器版本:     Apache Tomcat/8.5.54
27-Apr-2020 14:07:51.638 信息 [main] org.apache.catalina.startup.VersionLoggerListener.log 服务器构建:            Apr 3 2020 14:06:10 UTC
27-Apr-2020 14:07:51.638 信息 [main] org.apache.catalina.startup.VersionLoggerListener.log 服务器版本号(：8.5.54.0
27-Apr-2020 14:07:51.640 信息 [main] org.apache.catalina.startup.VersionLoggerListener.log OS Name:               Windows 10
27-Apr-2020 14:07:51.641 信息 [main] org.apache.catalina.startup.VersionLoggerListener.log OS.版本:               10.0
27-Apr-2020 14:07:51.641 信息 [main] org.apache.catalina.startup.VersionLoggerListener.log 架构:                  amd64
27-Apr-2020 14:07:51.641 信息 [main] org.apache.catalina.startup.VersionLoggerListener.log Java 环境变量:         D:\java\jdk1.8.0_241\jre
27-Apr-2020 14:07:51.642 信息 [main] org.apache.catalina.startup.VersionLoggerListener.log JVM 版本:              1.8.0_241-b07
27-Apr-2020 14:07:51.642 信息 [main] org.apache.catalina.startup.VersionLoggerListener.log JVM.供应商:            Oracle Corporation
27-Apr-2020 14:07:51.643 信息 [main] org.apache.catalina.startup.VersionLoggerListener.log CATALINA_BASE：[F:\javaweb\webserver\apache-tomcat-8.5.54]
27-Apr-2020 14:07:51.643 信息 [main] org.apache.catalina.startup.VersionLoggerListener.log CATALINA_HOME:         F:\javaweb\webserver\apache-tomcat-8.5.54
27-Apr-2020 14:07:51.644 信息 [main] org.apache.catalina.startup.VersionLoggerListener.log 命令行参数：[-Djava.util.logging.config.file=F:\javaweb\webserver\apache-tomcat-8.5.54\conf\logging.properties]
27-Apr-2020 14:07:51.645 信息 [main] org.apache.catalina.startup.VersionLoggerListener.log 命令行参数：[-Djava.util.logging.manager=org.apache.juli.ClassLoaderLogManager]
27-Apr-2020 14:07:51.645 信息 [main] org.apache.catalina.startup.VersionLoggerListener.log 命令行参数：[-Djdk.tls.ephemeralDHKeySize=2048]
27-Apr-2020 14:07:51.664 信息 [main] org.apache.catalina.startup.VersionLoggerListener.log 命令行参数：[-Djava.protocol.handler.pkgs=org.apache.catalina.webresources]
27-Apr-2020 14:07:51.665 信息 [main] org.apache.catalina.startup.VersionLoggerListener.log 命令行参数：[-Dignore.endorsed.dirs=]
27-Apr-2020 14:07:51.666 信息 [main] org.apache.catalina.startup.VersionLoggerListener.log 命令行参数：[-Dcatalina.base=F:\javaweb\webserver\apache-tomcat-8.5.54]
27-Apr-2020 14:07:51.667 信息 [main] org.apache.catalina.startup.VersionLoggerListener.log 命令行参数：[-Dcatalina.home=F:\javaweb\webserver\apache-tomcat-8.5.54]
27-Apr-2020 14:07:51.668 信息 [main] org.apache.catalina.startup.VersionLoggerListener.log 命令行参数：[-Djava.io.tmpdir=F:\javaweb\webserver\apache-tomcat-8.5.54\temp]
27-Apr-2020 14:07:51.669 信息 [main] org.apache.catalina.core.AprLifecycleListener.lifecycleEvent Loaded APR based Apache Tomcat Native library [1.2.23] using APR version [1.7.0].
27-Apr-2020 14:07:51.670 信息 [main] org.apache.catalina.core.AprLifecycleListener.lifecycleEvent APR capabilities: IPv6 [true], sendfile [true], accept filters [false], random [true].
27-Apr-2020 14:07:51.671 信息 [main] org.apache.catalina.core.AprLifecycleListener.lifecycleEvent APR/OpenSSL配置：useAprConnector[false]，useOpenSSL[true]
27-Apr-2020 14:07:51.677 信息 [main] org.apache.catalina.core.AprLifecycleListener.initializeSSL OpenSSL successfully initialized [OpenSSL 1.1.1c  28 May 2019]
27-Apr-2020 14:07:51.814 信息 [main] org.apache.coyote.AbstractProtocol.init 初始化协议处理器 ["http-nio-8080"]
27-Apr-2020 14:07:52.191 信息 [main] org.apache.tomcat.util.net.NioSelectorPool.getSharedSelector Using a shared selector for servlet write/read
27-Apr-2020 14:07:52.203 信息 [main] org.apache.catalina.startup.Catalina.load Initialization processed in 965 ms
27-Apr-2020 14:07:52.232 信息 [main] org.apache.catalina.core.StandardService.startInternal Starting service [Catalina]
27-Apr-2020 14:07:52.233 信息 [main] org.apache.catalina.core.StandardEngine.startInternal Starting Servlet Engine: Apache Tomcat/8.5.54
27-Apr-2020 14:07:52.252 信息 [localhost-startStop-1] org.apache.catalina.startup.HostConfig.deployDirectory 把web 应用程序部署到目录 [F:\javaweb\webserver\apache-tomcat-8.5.54\webapps\docs]
27-Apr-2020 14:07:52.478 信息 [localhost-startStop-1] org.apache.catalina.startup.HostConfig.deployDirectory Deployment of web application directory [F:\javaweb\webserver\apache-tomcat-8.5.54\webapps\docs] has finished in [224] ms
27-Apr-2020 14:07:52.479 信息 [localhost-startStop-1] org.apache.catalina.startup.HostConfig.deployDirectory 把web 应用程序部署到目录 [F:\javaweb\webserver\apache-tomcat-8.5.54\webapps\examples]
27-Apr-2020 14:07:52.761 信息 [localhost-startStop-1] org.apache.catalina.startup.HostConfig.deployDirectory Deployment of web application directory [F:\javaweb\webserver\apache-tomcat-8.5.54\webapps\examples] has finished in [282] ms
27-Apr-2020 14:07:52.762 信息 [localhost-startStop-1] org.apache.catalina.startup.HostConfig.deployDirectory 把web 应用程序部署到目录 [F:\javaweb\webserver\apache-tomcat-8.5.54\webapps\host-manager]
27-Apr-2020 14:07:52.791 信息 [localhost-startStop-1] org.apache.catalina.startup.HostConfig.deployDirectory Deployment of web application directory [F:\javaweb\webserver\apache-tomcat-8.5.54\webapps\host-manager] has finished in [29] ms
27-Apr-2020 14:07:52.792 信息 [localhost-startStop-1] org.apache.catalina.startup.HostConfig.deployDirectory 把web 应用程序部署到目录 [F:\javaweb\webserver\apache-tomcat-8.5.54\webapps\manager]
27-Apr-2020 14:07:52.819 信息 [localhost-startStop-1] org.apache.catalina.startup.HostConfig.deployDirectory Deployment of web application directory [F:\javaweb\webserver\apache-tomcat-8.5.54\webapps\manager] has finished in [27] ms
27-Apr-2020 14:07:52.820 信息 [localhost-startStop-1] org.apache.catalina.startup.HostConfig.deployDirectory 把web 应用程序部署到目录 [F:\javaweb\webserver\apache-tomcat-8.5.54\webapps\ROOT]
27-Apr-2020 14:07:52.841 信息 [localhost-startStop-1] org.apache.catalina.startup.HostConfig.deployDirectory Deployment of web application directory [F:\javaweb\webserver\apache-tomcat-8.5.54\webapps\ROOT] has finished in [21] ms
27-Apr-2020 14:07:52.846 信息 [main] org.apache.coyote.AbstractProtocol.start 开始协议处理句柄["http-nio-8080"]
27-Apr-2020 14:07:52.858 信息 [main] org.apache.catalina.startup.Catalina.start Server startup in 654 ms
27-Apr-2020 14:18:03.075 信息 [localhost-startStop-2] org.apache.catalina.startup.HostConfig.deployDirectory 把web 应用程序部署到目录 [F:\javaweb\webserver\apache-tomcat-8.5.54\webapps\hello]
27-Apr-2020 14:18:03.104 信息 [localhost-startStop-2] org.apache.catalina.startup.HostConfig.deployDirectory Deployment of web application directory [F:\javaweb\webserver\apache-tomcat-8.5.54\webapps\hello] has finished in [29] ms
27-Apr-2020 14:40:21.737 信息 [main] org.apache.catalina.startup.VersionLoggerListener.log Server.服务器版本:     Apache Tomcat/8.5.54
27-Apr-2020 14:40:21.745 信息 [main] org.apache.catalina.startup.VersionLoggerListener.log 服务器构建:            Apr 3 2020 14:06:10 UTC
27-Apr-2020 14:40:21.745 信息 [main] org.apache.catalina.startup.VersionLoggerListener.log 服务器版本号(：8.5.54.0
27-Apr-2020 14:40:21.746 信息 [main] org.apache.catalina.startup.VersionLoggerListener.log OS Name:               Windows 10
27-Apr-2020 14:40:21.746 信息 [main] org.apache.catalina.startup.VersionLoggerListener.log OS.版本:               10.0
27-Apr-2020 14:40:21.747 信息 [main] org.apache.catalina.startup.VersionLoggerListener.log 架构:                  amd64
27-Apr-2020 14:40:21.747 信息 [main] org.apache.catalina.startup.VersionLoggerListener.log Java 环境变量:         D:\java\jdk1.8.0_241\jre
27-Apr-2020 14:40:21.747 信息 [main] org.apache.catalina.startup.VersionLoggerListener.log JVM 版本:              1.8.0_241-b07
27-Apr-2020 14:40:21.748 信息 [main] org.apache.catalina.startup.VersionLoggerListener.log JVM.供应商:            Oracle Corporation
27-Apr-2020 14:40:21.748 信息 [main] org.apache.catalina.startup.VersionLoggerListener.log CATALINA_BASE：[F:\javaweb\webserver\apache-tomcat-8.5.54]
27-Apr-2020 14:40:21.748 信息 [main] org.apache.catalina.startup.VersionLoggerListener.log CATALINA_HOME:         F:\javaweb\webserver\apache-tomcat-8.5.54
27-Apr-2020 14:40:21.749 信息 [main] org.apache.catalina.startup.VersionLoggerListener.log 命令行参数：[-Djava.util.logging.config.file=F:\javaweb\webserver\apache-tomcat-8.5.54\conf\logging.properties]
27-Apr-2020 14:40:21.749 信息 [main] org.apache.catalina.startup.VersionLoggerListener.log 命令行参数：[-Djava.util.logging.manager=org.apache.juli.ClassLoaderLogManager]
27-Apr-2020 14:40:21.749 信息 [main] org.apache.catalina.startup.VersionLoggerListener.log 命令行参数：[-Djdk.tls.ephemeralDHKeySize=2048]
27-Apr-2020 14:40:21.750 信息 [main] org.apache.catalina.startup.VersionLoggerListener.log 命令行参数：[-Djava.protocol.handler.pkgs=org.apache.catalina.webresources]
27-Apr-2020 14:40:21.751 信息 [main] org.apache.catalina.startup.VersionLoggerListener.log 命令行参数：[-Dignore.endorsed.dirs=]
27-Apr-2020 14:40:21.752 信息 [main] org.apache.catalina.startup.VersionLoggerListener.log 命令行参数：[-Dcatalina.base=F:\javaweb\webserver\apache-tomcat-8.5.54]
27-Apr-2020 14:40:21.753 信息 [main] org.apache.catalina.startup.VersionLoggerListener.log 命令行参数：[-Dcatalina.home=F:\javaweb\webserver\apache-tomcat-8.5.54]
27-Apr-2020 14:40:21.754 信息 [main] org.apache.catalina.startup.VersionLoggerListener.log 命令行参数：[-Djava.io.tmpdir=F:\javaweb\webserver\apache-tomcat-8.5.54\temp]
27-Apr-2020 14:40:21.764 信息 [main] org.apache.catalina.core.AprLifecycleListener.lifecycleEvent Loaded APR based Apache Tomcat Native library [1.2.23] using APR version [1.7.0].
27-Apr-2020 14:40:21.765 信息 [main] org.apache.catalina.core.AprLifecycleListener.lifecycleEvent APR capabilities: IPv6 [true], sendfile [true], accept filters [false], random [true].
27-Apr-2020 14:40:21.766 信息 [main] org.apache.catalina.core.AprLifecycleListener.lifecycleEvent APR/OpenSSL配置：useAprConnector[false]，useOpenSSL[true]
27-Apr-2020 14:40:21.772 信息 [main] org.apache.catalina.core.AprLifecycleListener.initializeSSL OpenSSL successfully initialized [OpenSSL 1.1.1c  28 May 2019]
27-Apr-2020 14:40:21.900 信息 [main] org.apache.coyote.AbstractProtocol.init 初始化协议处理器 ["http-nio-8080"]
27-Apr-2020 14:40:22.337 信息 [main] org.apache.tomcat.util.net.NioSelectorPool.getSharedSelector Using a shared selector for servlet write/read
27-Apr-2020 14:40:22.351 信息 [main] org.apache.catalina.startup.Catalina.load Initialization processed in 1073 ms
27-Apr-2020 14:40:22.398 信息 [main] org.apache.catalina.core.StandardService.startInternal Starting service [Catalina]
27-Apr-2020 14:40:22.399 信息 [main] org.apache.catalina.core.StandardEngine.startInternal Starting Servlet Engine: Apache Tomcat/8.5.54
27-Apr-2020 14:40:22.426 信息 [localhost-startStop-1] org.apache.catalina.startup.HostConfig.deployDirectory 把web 应用程序部署到目录 [F:\javaweb\webserver\apache-tomcat-8.5.54\webapps\docs]
27-Apr-2020 14:40:22.736 信息 [localhost-startStop-1] org.apache.catalina.startup.HostConfig.deployDirectory Deployment of web application directory [F:\javaweb\webserver\apache-tomcat-8.5.54\webapps\docs] has finished in [308] ms
27-Apr-2020 14:40:22.738 信息 [localhost-startStop-1] org.apache.catalina.startup.HostConfig.deployDirectory 把web 应用程序部署到目录 [F:\javaweb\webserver\apache-tomcat-8.5.54\webapps\examples]
27-Apr-2020 14:40:23.058 信息 [localhost-startStop-1] org.apache.catalina.startup.HostConfig.deployDirectory Deployment of web application directory [F:\javaweb\webserver\apache-tomcat-8.5.54\webapps\examples] has finished in [321] ms
27-Apr-2020 14:40:23.059 信息 [localhost-startStop-1] org.apache.catalina.startup.HostConfig.deployDirectory 把web 应用程序部署到目录 [F:\javaweb\webserver\apache-tomcat-8.5.54\webapps\hello]
27-Apr-2020 14:40:23.089 信息 [localhost-startStop-1] org.apache.catalina.startup.HostConfig.deployDirectory Deployment of web application directory [F:\javaweb\webserver\apache-tomcat-8.5.54\webapps\hello] has finished in [30] ms
27-Apr-2020 14:40:23.090 信息 [localhost-startStop-1] org.apache.catalina.startup.HostConfig.deployDirectory 把web 应用程序部署到目录 [F:\javaweb\webserver\apache-tomcat-8.5.54\webapps\hello3]
27-Apr-2020 14:40:23.105 警告 [localhost-startStop-1] org.apache.tomcat.util.descriptor.web.WebXml.setVersion 未知版本字符串 [4.0]。将使用默认版本。
27-Apr-2020 14:40:23.118 信息 [localhost-startStop-1] org.apache.catalina.startup.HostConfig.deployDirectory Deployment of web application directory [F:\javaweb\webserver\apache-tomcat-8.5.54\webapps\hello3] has finished in [28] ms
27-Apr-2020 14:40:23.122 信息 [localhost-startStop-1] org.apache.catalina.startup.HostConfig.deployDirectory 把web 应用程序部署到目录 [F:\javaweb\webserver\apache-tomcat-8.5.54\webapps\host-manager]
27-Apr-2020 14:40:23.151 信息 [localhost-startStop-1] org.apache.catalina.startup.HostConfig.deployDirectory Deployment of web application directory [F:\javaweb\webserver\apache-tomcat-8.5.54\webapps\host-manager] has finished in [28] ms
27-Apr-2020 14:40:23.151 信息 [localhost-startStop-1] org.apache.catalina.startup.HostConfig.deployDirectory 把web 应用程序部署到目录 [F:\javaweb\webserver\apache-tomcat-8.5.54\webapps\manager]
27-Apr-2020 14:40:23.177 信息 [localhost-startStop-1] org.apache.catalina.startup.HostConfig.deployDirectory Deployment of web application directory [F:\javaweb\webserver\apache-tomcat-8.5.54\webapps\manager] has finished in [26] ms
27-Apr-2020 14:40:23.178 信息 [localhost-startStop-1] org.apache.catalina.startup.HostConfig.deployDirectory 把web 应用程序部署到目录 [F:\javaweb\webserver\apache-tomcat-8.5.54\webapps\ROOT]
27-Apr-2020 14:40:23.201 信息 [localhost-startStop-1] org.apache.catalina.startup.HostConfig.deployDirectory Deployment of web application directory [F:\javaweb\webserver\apache-tomcat-8.5.54\webapps\ROOT] has finished in [23] ms
27-Apr-2020 14:40:23.205 信息 [main] org.apache.coyote.AbstractProtocol.start 开始协议处理句柄["http-nio-8080"]
27-Apr-2020 14:40:23.216 信息 [main] org.apache.catalina.startup.Catalina.start Server startup in 855 ms
27-Apr-2020 14:46:50.485 警告 [main] org.apache.catalina.core.StandardServer.await Invalid shutdown command [] received
